<?xml version="1.0" encoding="UTF-8"?>
<!-- Generated by org.testng.reporters.JUnitReportReporter -->
<testsuite hostname="calance_123" name="testCases.ExecuteTest" tests="1" failures="0" timestamp="8 Aug 2016 12:03:03 GMT" time="47.010" errors="0">
  <testcase name="testLogin" time="47.010" classname="testCases.ExecuteTest"/>
</testsuite> <!-- testCases.ExecuteTest -->
